<?xml version="1.0" encoding="UTF-8" ?>
<testsuite tests="45" failures="1" name="home.TestViewFields" time="985.951" errors="0" skipped="44">
  <properties>
    <property name="idea.version" value="2017.3.2"/>
    <property name="java.runtime.name" value="Java(TM) SE Runtime Environment"/>
    <property name="sun.boot.library.path" value="C:\Program Files\Java\jdk1.8.0_131\jre\bin"/>
    <property name="java.vm.version" value="25.131-b11"/>
    <property name="java.vm.vendor" value="Oracle Corporation"/>
    <property name="maven.multiModuleProjectDirectory" value="C:\Users\shumon\Desktop\Team 2 new\Team2WebAutomation\Horizon"/>
    <property name="java.vendor.url" value="http://java.oracle.com/"/>
    <property name="path.separator" value=";"/>
    <property name="guice.disable.misplaced.annotation.check" value="true"/>
    <property name="java.vm.name" value="Java HotSpot(TM) 64-Bit Server VM"/>
    <property name="file.encoding.pkg" value="sun.io"/>
    <property name="user.script" value=""/>
    <property name="user.country" value="US"/>
    <property name="sun.java.launcher" value="SUN_STANDARD"/>
    <property name="sun.os.patch.level" value=""/>
    <property name="java.vm.specification.name" value="Java Virtual Machine Specification"/>
    <property name="user.dir" value="C:\Users\shumon\Desktop\Team 2 new\Team2WebAutomation\Horizon"/>
    <property name="java.runtime.version" value="1.8.0_131-b11"/>
    <property name="java.awt.graphicsenv" value="sun.awt.Win32GraphicsEnvironment"/>
    <property name="java.endorsed.dirs" value="C:\Program Files\Java\jdk1.8.0_131\jre\lib\endorsed"/>
    <property name="os.arch" value="amd64"/>
    <property name="java.io.tmpdir" value="C:\Users\shumon\AppData\Local\Temp\"/>
    <property name="line.separator" value="
"/>
    <property name="java.vm.specification.vendor" value="Oracle Corporation"/>
    <property name="user.variant" value=""/>
    <property name="os.name" value="Windows 10"/>
    <property name="classworlds.conf" value="C:\Program Files\JetBrains\IntelliJ IDEA Community Edition 2017.3\plugins\maven\lib\maven3\bin\m2.conf"/>
    <property name="sun.jnu.encoding" value="Cp1252"/>
    <property name="java.library.path" value="C:\Program Files\Java\jdk1.8.0_131\bin;C:\WINDOWS\Sun\Java\bin;C:\WINDOWS\system32;C:\WINDOWS;C:\WINDOWS\system32;C:\WINDOWS;C:\WINDOWS\System32\Wbem;C:\WINDOWS\System32\WindowsPowerShell\v1.0\;C:\Program Files\Intel\WiFi\bin\;C:\Program Files\Common Files\Intel\WirelessCommon\;C:\Program Files\Java\jdk1.8.0_131\bin;C:\Program Files\Git\cmd;C:\Program Files\MongoDB\Server\3.6\bin;C:\Program Files\maven\apache-maven-3.5.2\bin;C:\Users\shumon\AppData\Local\Microsoft\WindowsApps;C:\Program Files\MongoDB\Server\3.6\bin;C:\Program Files\maven\apache-maven-3.5.2\bin;;."/>
    <property name="java.specification.name" value="Java Platform API Specification"/>
    <property name="java.class.version" value="52.0"/>
    <property name="sun.management.compiler" value="HotSpot 64-Bit Tiered Compilers"/>
    <property name="os.version" value="10.0"/>
    <property name="user.home" value="C:\Users\shumon"/>
    <property name="user.timezone" value="America/New_York"/>
    <property name="java.awt.printerjob" value="sun.awt.windows.WPrinterJob"/>
    <property name="java.specification.version" value="1.8"/>
    <property name="file.encoding" value="UTF-8"/>
    <property name="user.name" value="shumon"/>
    <property name="java.class.path" value="C:\Program Files\JetBrains\IntelliJ IDEA Community Edition 2017.3\plugins\maven\lib\maven3\boot\plexus-classworlds-2.5.2.jar;C:\Program Files\JetBrains\IntelliJ IDEA Community Edition 2017.3\lib\idea_rt.jar"/>
    <property name="java.vm.specification.version" value="1.8"/>
    <property name="sun.arch.data.model" value="64"/>
    <property name="java.home" value="C:\Program Files\Java\jdk1.8.0_131\jre"/>
    <property name="sun.java.command" value="org.codehaus.classworlds.Launcher -Didea.version=2017.3.2 test"/>
    <property name="java.specification.vendor" value="Oracle Corporation"/>
    <property name="user.language" value="en"/>
    <property name="awt.toolkit" value="sun.awt.windows.WToolkit"/>
    <property name="java.vm.info" value="mixed mode"/>
    <property name="java.version" value="1.8.0_131"/>
    <property name="java.ext.dirs" value="C:\Program Files\Java\jdk1.8.0_131\jre\lib\ext;C:\WINDOWS\Sun\Java\lib\ext"/>
    <property name="sun.boot.class.path" value="C:\Program Files\Java\jdk1.8.0_131\jre\lib\resources.jar;C:\Program Files\Java\jdk1.8.0_131\jre\lib\rt.jar;C:\Program Files\Java\jdk1.8.0_131\jre\lib\sunrsasign.jar;C:\Program Files\Java\jdk1.8.0_131\jre\lib\jsse.jar;C:\Program Files\Java\jdk1.8.0_131\jre\lib\jce.jar;C:\Program Files\Java\jdk1.8.0_131\jre\lib\charsets.jar;C:\Program Files\Java\jdk1.8.0_131\jre\lib\jfr.jar;C:\Program Files\Java\jdk1.8.0_131\jre\classes"/>
    <property name="java.vendor" value="Oracle Corporation"/>
    <property name="maven.home" value="C:\Program Files\JetBrains\IntelliJ IDEA Community Edition 2017.3\plugins\maven\lib\maven3"/>
    <property name="file.separator" value="\"/>
    <property name="java.vendor.url.bug" value="http://bugreport.sun.com/bugreport/"/>
    <property name="sun.cpu.endian" value="little"/>
    <property name="sun.io.unicode.encoding" value="UnicodeLittle"/>
    <property name="sun.desktop" value="windows"/>
    <property name="sun.cpu.isalist" value="amd64"/>
  </properties>
  <testcase classname="home.TestViewFields" name="setUp" time="21.905">
    <failure message="Timed out waiting for driver server to start.
Build info: version: &apos;3.7.1&apos;, revision: &apos;8a0099a&apos;, time: &apos;2017-11-06T21:01:39.354Z&apos;
System info: host: &apos;LAPTOP-5N24SDH4&apos;, ip: &apos;192.168.1.154&apos;, os.name: &apos;Windows 10&apos;, os.arch: &apos;amd64&apos;, os.version: &apos;10.0&apos;, java.version: &apos;1.8.0_131&apos;
Driver info: driver.version: ChromeDriver" type="org.openqa.selenium.WebDriverException">org.openqa.selenium.WebDriverException: Timed out waiting for driver server to start.
Build info: version: &apos;3.7.1&apos;, revision: &apos;8a0099a&apos;, time: &apos;2017-11-06T21:01:39.354Z&apos;
System info: host: &apos;LAPTOP-5N24SDH4&apos;, ip: &apos;192.168.1.154&apos;, os.name: &apos;Windows 10&apos;, os.arch: &apos;amd64&apos;, os.version: &apos;10.0&apos;, java.version: &apos;1.8.0_131&apos;
Driver info: driver.version: ChromeDriver
	at org.openqa.selenium.remote.service.DriverService.waitUntilAvailable(DriverService.java:192)
	at org.openqa.selenium.remote.service.DriverService.start(DriverService.java:178)
	at org.openqa.selenium.remote.service.DriverCommandExecutor.execute(DriverCommandExecutor.java:79)
	at org.openqa.selenium.remote.RemoteWebDriver.execute(RemoteWebDriver.java:600)
	at org.openqa.selenium.remote.RemoteWebDriver.startSession(RemoteWebDriver.java:219)
	at org.openqa.selenium.remote.RemoteWebDriver.&lt;init&gt;(RemoteWebDriver.java:142)
	at org.openqa.selenium.chrome.ChromeDriver.&lt;init&gt;(ChromeDriver.java:181)
	at org.openqa.selenium.chrome.ChromeDriver.&lt;init&gt;(ChromeDriver.java:168)
	at org.openqa.selenium.chrome.ChromeDriver.&lt;init&gt;(ChromeDriver.java:123)
	at base.CommonAPI.getLocalDriver(CommonAPI.java:63)
	at base.CommonAPI.setUp(CommonAPI.java:49)
	at sun.reflect.NativeMethodAccessorImpl.invoke0(Native Method)
	at sun.reflect.NativeMethodAccessorImpl.invoke(NativeMethodAccessorImpl.java:62)
	at sun.reflect.DelegatingMethodAccessorImpl.invoke(DelegatingMethodAccessorImpl.java:43)
	at java.lang.reflect.Method.invoke(Method.java:498)
	at org.testng.internal.MethodInvocationHelper.invokeMethod(MethodInvocationHelper.java:124)
	at org.testng.internal.MethodInvocationHelper.invokeMethodConsideringTimeout(MethodInvocationHelper.java:59)
	at org.testng.internal.Invoker.invokeConfigurationMethod(Invoker.java:451)
	at org.testng.internal.Invoker.invokeConfigurations(Invoker.java:222)
	at org.testng.internal.Invoker.invokeMethod(Invoker.java:516)
	at org.testng.internal.Invoker.invokeTestMethod(Invoker.java:707)
	at org.testng.internal.Invoker.invokeTestMethods(Invoker.java:979)
	at org.testng.internal.TestMethodWorker.invokeTestMethods(TestMethodWorker.java:125)
	at org.testng.internal.TestMethodWorker.run(TestMethodWorker.java:109)
	at org.testng.TestRunner.privateRun(TestRunner.java:648)
	at org.testng.TestRunner.run(TestRunner.java:505)
	at org.testng.SuiteRunner.runTest(SuiteRunner.java:455)
	at org.testng.SuiteRunner.runSequentially(SuiteRunner.java:450)
	at org.testng.SuiteRunner.privateRun(SuiteRunner.java:415)
	at org.testng.SuiteRunner.run(SuiteRunner.java:364)
	at org.testng.SuiteRunnerWorker.runSuite(SuiteRunnerWorker.java:52)
	at org.testng.SuiteRunnerWorker.run(SuiteRunnerWorker.java:84)
	at org.testng.TestNG.runSuitesSequentially(TestNG.java:1187)
	at org.testng.TestNG.runSuitesLocally(TestNG.java:1116)
	at org.testng.TestNG.runSuites(TestNG.java:1028)
	at org.testng.TestNG.run(TestNG.java:996)
	at org.apache.maven.surefire.testng.TestNGExecutor.run(TestNGExecutor.java:77)
	at org.apache.maven.surefire.testng.TestNGDirectoryTestSuite.execute(TestNGDirectoryTestSuite.java:110)
	at org.apache.maven.surefire.testng.TestNGProvider.invoke(TestNGProvider.java:106)
	at sun.reflect.NativeMethodAccessorImpl.invoke0(Native Method)
	at sun.reflect.NativeMethodAccessorImpl.invoke(NativeMethodAccessorImpl.java:62)
	at sun.reflect.DelegatingMethodAccessorImpl.invoke(DelegatingMethodAccessorImpl.java:43)
	at java.lang.reflect.Method.invoke(Method.java:498)
	at org.apache.maven.surefire.util.ReflectionUtils.invokeMethodWithArray(ReflectionUtils.java:189)
	at org.apache.maven.surefire.booter.ProviderFactory$ProviderProxy.invoke(ProviderFactory.java:165)
	at org.apache.maven.surefire.booter.ProviderFactory.invokeProvider(ProviderFactory.java:85)
	at org.apache.maven.surefire.booter.ForkedBooter.runSuitesInProcess(ForkedBooter.java:115)
	at org.apache.maven.surefire.booter.ForkedBooter.main(ForkedBooter.java:75)
Caused by: org.openqa.selenium.net.UrlChecker$TimeoutException: Timed out waiting for [http://localhost:38090/status] to be available after 20002 ms
	at org.openqa.selenium.net.UrlChecker.waitUntilAvailable(UrlChecker.java:100)
	at org.openqa.selenium.remote.service.DriverService.waitUntilAvailable(DriverService.java:187)
	... 47 more
Caused by: java.util.concurrent.TimeoutException
	at java.util.concurrent.FutureTask.get(FutureTask.java:205)
	at com.google.common.util.concurrent.SimpleTimeLimiter.callWithTimeout(SimpleTimeLimiter.java:147)
	at org.openqa.selenium.net.UrlChecker.waitUntilAvailable(UrlChecker.java:75)
	... 48 more
Caused by: org.openqa.selenium.net.UrlChecker$TimeoutException: Timed out waiting for [http://localhost:38090/status] to be available after 20002 ms
	at org.openqa.selenium.net.UrlChecker.waitUntilAvailable(UrlChecker.java:100)
	at org.openqa.selenium.remote.service.DriverService.waitUntilAvailable(DriverService.java:187)
	... 47 more
Caused by: java.util.concurrent.TimeoutException
	at java.util.concurrent.FutureTask.get(FutureTask.java:205)
	at com.google.common.util.concurrent.SimpleTimeLimiter.callWithTimeout(SimpleTimeLimiter.java:147)
	at org.openqa.selenium.net.UrlChecker.waitUntilAvailable(UrlChecker.java:75)
	... 48 more
</failure>
    <system-out>Configuring TestNG with: org.apache.maven.surefire.testng.conf.TestNG652Configurator@59f95c5d
</system-out>
    <system-err>Jan 09, 2018 8:36:58 PM org.openqa.selenium.os.OsProcess checkForError
SEVERE: org.apache.commons.exec.ExecuteException: Execution failed (Exit value: -559038737. Caused by java.io.IOException: Cannot run program &quot;C:\Users\shumon\Desktop\Team 2 new\Team2WebAutomation\Generic\driver\chromedriver&quot; (in directory &quot;.&quot;): CreateProcess error=193, %1 is not a valid Win32 application)
</system-err>
  </testcase>
  <testcase classname="home.TestViewFields" name="testViewFields01" time="21.905">
    <skipped/>
  </testcase>
  <testcase classname="home.TestViewFields" name="cleanUp" time="21.905">
    <skipped/>
  </testcase>
  <testcase classname="home.TestViewFields" name="setUp" time="21.905">
    <skipped/>
  </testcase>
  <testcase classname="home.TestViewFields" name="testViewFields02" time="21.905">
    <skipped/>
  </testcase>
  <testcase classname="home.TestViewFields" name="cleanUp" time="21.905">
    <skipped/>
  </testcase>
  <testcase classname="home.TestViewFields" name="setUp" time="21.905">
    <skipped/>
  </testcase>
  <testcase classname="home.TestViewFields" name="testViewFields03" time="21.905">
    <skipped/>
  </testcase>
  <testcase classname="home.TestViewFields" name="cleanUp" time="21.905">
    <skipped/>
  </testcase>
  <testcase classname="home.TestViewFields" name="setUp" time="21.905">
    <skipped/>
  </testcase>
  <testcase classname="home.TestViewFields" name="testViewFields04" time="21.905">
    <skipped/>
  </testcase>
  <testcase classname="home.TestViewFields" name="cleanUp" time="21.905">
    <skipped/>
  </testcase>
  <testcase classname="home.TestViewFields" name="setUp" time="21.905">
    <skipped/>
  </testcase>
  <testcase classname="home.TestViewFields" name="testViewFields05" time="21.905">
    <skipped/>
  </testcase>
  <testcase classname="home.TestViewFields" name="cleanUp" time="21.905">
    <skipped/>
  </testcase>
  <testcase classname="home.TestViewFields" name="setUp" time="21.905">
    <skipped/>
  </testcase>
  <testcase classname="home.TestViewFields" name="testViewFields06" time="21.905">
    <skipped/>
  </testcase>
  <testcase classname="home.TestViewFields" name="cleanUp" time="21.905">
    <skipped/>
  </testcase>
  <testcase classname="home.TestViewFields" name="setUp" time="21.905">
    <skipped/>
  </testcase>
  <testcase classname="home.TestViewFields" name="testViewFields07" time="21.905">
    <skipped/>
  </testcase>
  <testcase classname="home.TestViewFields" name="cleanUp" time="21.905">
    <skipped/>
  </testcase>
  <testcase classname="home.TestViewFields" name="setUp" time="21.905">
    <skipped/>
  </testcase>
  <testcase classname="home.TestViewFields" name="testViewFields08" time="21.905">
    <skipped/>
  </testcase>
  <testcase classname="home.TestViewFields" name="cleanUp" time="21.905">
    <skipped/>
  </testcase>
  <testcase classname="home.TestViewFields" name="setUp" time="21.905">
    <skipped/>
  </testcase>
  <testcase classname="home.TestViewFields" name="testViewFields09" time="21.905">
    <skipped/>
  </testcase>
  <testcase classname="home.TestViewFields" name="cleanUp" time="21.905">
    <skipped/>
  </testcase>
  <testcase classname="home.TestViewFields" name="setUp" time="21.905">
    <skipped/>
  </testcase>
  <testcase classname="home.TestViewFields" name="testViewFields10" time="21.905">
    <skipped/>
  </testcase>
  <testcase classname="home.TestViewFields" name="cleanUp" time="21.905">
    <skipped/>
  </testcase>
  <testcase classname="home.TestViewFields" name="setUp" time="21.905">
    <skipped/>
  </testcase>
  <testcase classname="home.TestViewFields" name="testHorizonPage11" time="21.905">
    <skipped/>
  </testcase>
  <testcase classname="home.TestViewFields" name="cleanUp" time="21.92">
    <skipped/>
  </testcase>
  <testcase classname="home.TestViewFields" name="setUp" time="21.921">
    <skipped/>
  </testcase>
  <testcase classname="home.TestViewFields" name="testProviderNetwork12" time="21.921">
    <skipped/>
  </testcase>
  <testcase classname="home.TestViewFields" name="cleanUp" time="21.921">
    <skipped/>
  </testcase>
  <testcase classname="home.TestViewFields" name="setUp" time="21.922">
    <skipped/>
  </testcase>
  <testcase classname="home.TestViewFields" name="testImageProviderNetwork13" time="21.922">
    <skipped/>
  </testcase>
  <testcase classname="home.TestViewFields" name="cleanUp" time="21.922">
    <skipped/>
  </testcase>
  <testcase classname="home.TestViewFields" name="setUp" time="21.923">
    <skipped/>
  </testcase>
  <testcase classname="home.TestViewFields" name="testSearchProviderDirectory14" time="21.923">
    <skipped/>
  </testcase>
  <testcase classname="home.TestViewFields" name="cleanUp" time="21.923">
    <skipped/>
  </testcase>
  <testcase classname="home.TestViewFields" name="setUp" time="21.924">
    <skipped/>
  </testcase>
  <testcase classname="home.TestViewFields" name="testProviderSearch15" time="21.924">
    <skipped/>
  </testcase>
  <testcase classname="home.TestViewFields" name="cleanUp" time="21.925">
    <skipped/>
  </testcase>
</testsuite>